2023-12-18 10:23:09.669+0000 [L: INFO] [O: D.c.t.p.m.d.MssqlModelDao] [I: ] [U: SuperUser] [S: ] [P: ] [T: main] Fetch Size Set - [5000]
2023-12-18 10:26:17.044+0000 [L: INFO] [O: D.l.d.c.MSSQLDatabase] [I: ] [U: Administrator] [S: ] [P: ] [T: http-nio-8080-exec-2] Set default schema name to dbo
2023-12-18 10:26:17.203+0000 [L: INFO] [O: D.l.s.StandardServiceLocator] [I: ] [U: Administrator] [S: ] [P: ] [T: http-nio-8080-exec-2] Cannot load service: liquibase.change.Change: liquibase.change.core.LoadDataChange Unable to get public no-arg constructor
2023-12-18 10:26:17.204+0000 [L: INFO] [O: D.l.s.StandardServiceLocator] [I: ] [U: Administrator] [S: ] [P: ] [T: http-nio-8080-exec-2] Cannot load service: liquibase.change.Change: liquibase.change.core.LoadUpdateDataChange Unable to get public no-arg constructor
2023-12-18 10:26:17.390+0000 [L: INFO] [O: D.l.c.StandardChangeLogHistoryService] [I: ] [U: Administrator] [S: ] [P: ] [T: http-nio-8080-exec-2] Creating database history table with name: DATABASECHANGELOG
2023-12-18 10:26:17.431+0000 [L: INFO] [O: D.l.c.StandardChangeLogHistoryService] [I: ] [U: Administrator] [S: ] [P: ] [T: http-nio-8080-exec-2] Reading from DATABASECHANGELOG
2023-12-18 10:26:17.498+0000 [L: INFO] [O: D.l.l.StandardLockService] [I: ] [U: Administrator] [S: ] [P: ] [T: http-nio-8080-exec-2] Successfully acquired change log lock
2023-12-18 10:26:17.499+0000 [L: INFO] [O: D.l.c.c.UpdateCommandStep] [I: ] [U: Administrator] [S: ] [P: ] [T: http-nio-8080-exec-2] Using deploymentId: 2895177499
2023-12-18 10:26:17.502+0000 [L: INFO] [O: D.l.c.StandardChangeLogHistoryService] [I: ] [U: Administrator] [S: ] [P: ] [T: http-nio-8080-exec-2] Reading from DATABASECHANGELOG
2023-12-18 10:26:17.515+0000 [L: INFO] [O: D.l.c.ChangeSet] [I: ] [U: Administrator] [S: ] [P: ] [T: http-nio-8080-exec-2] Tag 'empty' applied to database
2023-12-18 10:26:17.515+0000 [L: INFO] [O: D.l.c.ChangeSet] [I: ] [U: Administrator] [S: ] [P: ] [T: http-nio-8080-exec-2] ChangeSet changelog.master.xml::empty::atondorf ran successfully in 2ms
2023-12-18 10:26:17.538+0000 [L: INFO] [O: D.l.c.ChangeSet] [I: ] [U: Administrator] [S: ] [P: ] [T: http-nio-8080-exec-2] Custom SQL executed
2023-12-18 10:26:17.543+0000 [L: INFO] [O: D.l.c.ChangeSet] [I: ] [U: Administrator] [S: ] [P: ] [T: http-nio-8080-exec-2] ChangeSet dbo/changelog.mssql.sql::1::de12650 ran successfully in 16ms
2023-12-18 10:26:17.552+0000 [L: INFO] [O: D.l.c.ChangeSet] [I: ] [U: Administrator] [S: ] [P: ] [T: http-nio-8080-exec-2] Custom SQL executed
2023-12-18 10:26:17.557+0000 [L: INFO] [O: D.l.c.ChangeSet] [I: ] [U: Administrator] [S: ] [P: ] [T: http-nio-8080-exec-2] ChangeSet dbo/changelog.mssql.sql::2::de12650 ran successfully in 7ms
2023-12-18 10:26:17.568+0000 [L: INFO] [O: D.l.c.ChangeSet] [I: ] [U: Administrator] [S: ] [P: ] [T: http-nio-8080-exec-2] Custom SQL executed
2023-12-18 10:26:17.573+0000 [L: INFO] [O: D.l.c.ChangeSet] [I: ] [U: Administrator] [S: ] [P: ] [T: http-nio-8080-exec-2] ChangeSet dbo/changelog.mssql.sql::3::de12650 ran successfully in 8ms
2023-12-18 10:26:17.579+0000 [L: INFO] [O: D.l.c.ChangeSet] [I: ] [U: Administrator] [S: ] [P: ] [T: http-nio-8080-exec-2] Tag 'v1.0' applied to database
2023-12-18 10:26:17.580+0000 [L: INFO] [O: D.l.c.ChangeSet] [I: ] [U: Administrator] [S: ] [P: ] [T: http-nio-8080-exec-2] ChangeSet changelog.master.xml::tagDatabase-example::atondorf ran successfully in 0ms
2023-12-18 10:26:17.590+0000 [L: INFO] [O: D.l.u.ShowSummaryUtil] [I: ] [U: Administrator] [S: ] [P: ] [T: http-nio-8080-exec-2] UPDATE SUMMARY
2023-12-18 10:26:17.590+0000 [L: INFO] [O: D.l.u.ShowSummaryUtil] [I: ] [U: Administrator] [S: ] [P: ] [T: http-nio-8080-exec-2] Run:                          5
2023-12-18 10:26:17.590+0000 [L: INFO] [O: D.l.u.ShowSummaryUtil] [I: ] [U: Administrator] [S: ] [P: ] [T: http-nio-8080-exec-2] Previously run:               0
2023-12-18 10:26:17.590+0000 [L: INFO] [O: D.l.u.ShowSummaryUtil] [I: ] [U: Administrator] [S: ] [P: ] [T: http-nio-8080-exec-2] Filtered out:                 0
2023-12-18 10:26:17.590+0000 [L: INFO] [O: D.l.u.ShowSummaryUtil] [I: ] [U: Administrator] [S: ] [P: ] [T: http-nio-8080-exec-2] -------------------------------
2023-12-18 10:26:17.590+0000 [L: INFO] [O: D.l.u.ShowSummaryUtil] [I: ] [U: Administrator] [S: ] [P: ] [T: http-nio-8080-exec-2] Total change sets:            5
2023-12-18 10:26:17.590+0000 [L: INFO] [O: D.l.u.ShowSummaryUtil] [I: ] [U: Administrator] [S: ] [P: ] [T: http-nio-8080-exec-2] Update summary generated
2023-12-18 10:26:17.593+0000 [L: INFO] [O: D.l.c.c.UpdateCommandStep] [I: ] [U: Administrator] [S: ] [P: ] [T: http-nio-8080-exec-2] Update command completed successfully.
2023-12-18 10:26:17.601+0000 [L: INFO] [O: D.l.l.StandardLockService] [I: ] [U: Administrator] [S: ] [P: ] [T: http-nio-8080-exec-2] Successfully released change log lock
2023-12-18 10:26:17.601+0000 [L: INFO] [O: D.l.c.CommandScope] [I: ] [U: Administrator] [S: ] [P: ] [T: http-nio-8080-exec-2] Command execution complete
