2023-12-13 07:37:11.693+0000 [L: INFO] [O: Import] [I: BEGIN_BLOCK_CHANGE] [U: Administrator] [S: ] [P: ] [T: http-nio-8080-exec-5] action = BEGIN_BLOCK_CHANGE 
2023-12-13 07:37:11.693+0000 [L: INFO] [O: Thing] [I: TestSQL] [U: Administrator] [S: ] [P: ] [T: http-nio-8080-exec-5] action = CREATE, reason = header : name : updated, projectName : updated_ 
2023-12-13 07:37:11.693+0000 [L: INFO] [O: Import] [I: END_BLOCK_CHANGE] [U: Administrator] [S: ] [P: ] [T: http-nio-8080-exec-5] action = END_BLOCK_CHANGE 
2023-12-13 07:38:47.918+0000 [L: INFO] [O: Import] [I: END_BLOCK_CHANGE] [U: Administrator] [S: ] [P: ] [T: http-nio-8080-exec-9] action = END_BLOCK_CHANGE 
2023-12-13 07:39:06.619+0000 [L: INFO] [O: Import] [I: BEGIN_BLOCK_CHANGE] [U: Administrator] [S: ] [P: ] [T: http-nio-8080-exec-1] action = BEGIN_BLOCK_CHANGE 
2023-12-13 07:39:06.619+0000 [L: INFO] [O: PersistenceProvider] [I: DataPersistenceProvider] [U: Administrator] [S: ] [P: ] [T: http-nio-8080-exec-1] action = MODIFY, reason = configuration : password : updated_ 
2023-12-13 07:39:06.619+0000 [L: INFO] [O: Import] [I: END_BLOCK_CHANGE] [U: Administrator] [S: ] [P: ] [T: http-nio-8080-exec-1] action = END_BLOCK_CHANGE 
2023-12-13 07:39:16.448+0000 [L: INFO] [O: Import] [I: BEGIN_BLOCK_CHANGE] [U: Administrator] [S: ] [P: ] [T: http-nio-8080-exec-6] action = BEGIN_BLOCK_CHANGE 
2023-12-13 07:39:16.448+0000 [L: INFO] [O: Import] [I: END_BLOCK_CHANGE] [U: Administrator] [S: ] [P: ] [T: http-nio-8080-exec-6] action = END_BLOCK_CHANGE 
2023-12-13 07:43:02.411+0000 [L: INFO] [O: Import] [I: BEGIN_BLOCK_CHANGE] [U: Administrator] [S: ] [P: ] [T: http-nio-8080-exec-7] action = BEGIN_BLOCK_CHANGE 
2023-12-13 07:43:02.411+0000 [L: INFO] [O: Thing] [I: TWX.Core.DBExample] [U: Administrator] [S: ] [P: ] [T: http-nio-8080-exec-7] action = MODIFY, reason = services : Test_DBConnection : service updated_Test_DBConnection_Date : service added_ 
2023-12-13 07:43:02.411+0000 [L: INFO] [O: Import] [I: END_BLOCK_CHANGE] [U: Administrator] [S: ] [P: ] [T: http-nio-8080-exec-7] action = END_BLOCK_CHANGE 
2023-12-13 07:47:12.672+0000 [L: INFO] [O: Import] [I: BEGIN_BLOCK_CHANGE] [U: Administrator] [S: ] [P: ] [T: http-nio-8080-exec-10] action = BEGIN_BLOCK_CHANGE 
2023-12-13 07:47:12.673+0000 [L: INFO] [O: PersistenceProvider] [I: DataPersistenceProvider] [U: Administrator] [S: ] [P: ] [T: http-nio-8080-exec-10] action = MODIFY, reason = configuration : password : updated_ 
2023-12-13 07:47:12.673+0000 [L: INFO] [O: Import] [I: END_BLOCK_CHANGE] [U: Administrator] [S: ] [P: ] [T: http-nio-8080-exec-10] action = END_BLOCK_CHANGE 
2023-12-13 07:47:24.536+0000 [L: INFO] [O: Import] [I: BEGIN_BLOCK_CHANGE] [U: Administrator] [S: ] [P: ] [T: http-nio-8080-exec-3] action = BEGIN_BLOCK_CHANGE 
2023-12-13 07:47:24.536+0000 [L: INFO] [O: Import] [I: END_BLOCK_CHANGE] [U: Administrator] [S: ] [P: ] [T: http-nio-8080-exec-3] action = END_BLOCK_CHANGE 
2023-12-13 07:52:57.422+0000 [L: INFO] [O: Import] [I: BEGIN_BLOCK_CHANGE] [U: SuperUser] [S: ] [P: ] [T: http-nio-8080-exec-8] action = BEGIN_BLOCK_CHANGE 
2023-12-13 07:52:57.422+0000 [L: INFO] [O: Group] [I: TWX.Core.Default_UG] [U: SuperUser] [S: ] [P: ] [T: http-nio-8080-exec-8] action = CREATE, reason = Importing Extension Package Metadata 
2023-12-13 07:52:57.422+0000 [L: INFO] [O: Organization] [I: TWX.Core.Default_OR] [U: SuperUser] [S: ] [P: ] [T: http-nio-8080-exec-8] action = CREATE, reason = Importing Extension Package Metadata 
2023-12-13 07:52:57.422+0000 [L: INFO] [O: DataShape] [I: TWX.Core.LiquibaseConfgig_DS] [U: SuperUser] [S: ] [P: ] [T: http-nio-8080-exec-8] action = CREATE, reason = Importing Extension Package Metadata 
2023-12-13 07:52:57.422+0000 [L: INFO] [O: ThingShape] [I: TWX.Core.Actor_TS] [U: SuperUser] [S: ] [P: ] [T: http-nio-8080-exec-8] action = CREATE, reason = Importing Extension Package Metadata 
2023-12-13 07:52:57.422+0000 [L: INFO] [O: ThingShape] [I: TWX.Core.Database_TS] [U: SuperUser] [S: ] [P: ] [T: http-nio-8080-exec-8] action = CREATE, reason = Importing Extension Package Metadata 
2023-12-13 07:52:57.422+0000 [L: INFO] [O: Project] [I: TWX.Core] [U: SuperUser] [S: ] [P: ] [T: http-nio-8080-exec-8] action = CREATE, reason = Importing Extension Package Metadata 
2023-12-13 07:52:57.422+0000 [L: INFO] [O: ExtensionPackage] [I: twx.core.extension] [U: SuperUser] [S: ] [P: ] [T: http-nio-8080-exec-8] action = CREATE, reason = Importing Extension Package Metadata 
2023-12-13 07:52:57.422+0000 [L: INFO] [O: Resource] [I: DateServices] [U: SuperUser] [S: ] [P: ] [T: http-nio-8080-exec-8] action = CREATE, reason = Importing Extension Package Metadata 
2023-12-13 07:52:57.422+0000 [L: INFO] [O: Resource] [I: SysUtilServices] [U: SuperUser] [S: ] [P: ] [T: http-nio-8080-exec-8] action = CREATE, reason = Importing Extension Package Metadata 
2023-12-13 07:52:57.422+0000 [L: INFO] [O: Resource] [I: ConcurrencyServices] [U: SuperUser] [S: ] [P: ] [T: http-nio-8080-exec-8] action = CREATE, reason = Importing Extension Package Metadata 
2023-12-13 07:52:57.422+0000 [L: INFO] [O: ScriptFunctionLibrary] [I: TWX.Core.UtilFunctions] [U: SuperUser] [S: ] [P: ] [T: http-nio-8080-exec-8] action = CREATE, reason = Importing Extension Package Metadata 
2023-12-13 07:52:57.422+0000 [L: INFO] [O: ScriptFunctionLibrary] [I: TWX.Core.DateFunctions] [U: SuperUser] [S: ] [P: ] [T: http-nio-8080-exec-8] action = CREATE, reason = Importing Extension Package Metadata 
2023-12-13 07:52:57.422+0000 [L: INFO] [O: ScriptFunctionLibrary] [I: TWX.Core.StringFunctions] [U: SuperUser] [S: ] [P: ] [T: http-nio-8080-exec-8] action = CREATE, reason = Importing Extension Package Metadata 
2023-12-13 07:52:57.422+0000 [L: INFO] [O: ScriptFunctionLibrary] [I: TWX.Core.MathFunctions] [U: SuperUser] [S: ] [P: ] [T: http-nio-8080-exec-8] action = CREATE, reason = Importing Extension Package Metadata 
2023-12-13 07:52:57.422+0000 [L: INFO] [O: ScriptFunctionLibrary] [I: TWX.Core.ConcurrencyFunctions] [U: SuperUser] [S: ] [P: ] [T: http-nio-8080-exec-8] action = CREATE, reason = Importing Extension Package Metadata 
2023-12-13 07:52:57.422+0000 [L: INFO] [O: ScriptFunctionLibrary] [I: TWX.Core.DatabaseFunctions] [U: SuperUser] [S: ] [P: ] [T: http-nio-8080-exec-8] action = CREATE, reason = Importing Extension Package Metadata 
2023-12-13 07:52:57.422+0000 [L: INFO] [O: Thing] [I: TWX.Core.Examples] [U: SuperUser] [S: ] [P: ] [T: http-nio-8080-exec-8] action = CREATE, reason = Importing Extension Package Metadata 
2023-12-13 07:52:57.422+0000 [L: INFO] [O: Thing] [I: TWX.Core.DBExample] [U: SuperUser] [S: ] [P: ] [T: http-nio-8080-exec-8] action = CREATE, reason = Importing Extension Package Metadata 
2023-12-13 07:52:57.422+0000 [L: INFO] [O: ModelTagVocabulary] [I: TWX.Core] [U: SuperUser] [S: ] [P: ] [T: http-nio-8080-exec-8] action = CREATE, reason = Automatic Creation on Import 
2023-12-13 07:52:57.422+0000 [L: INFO] [O: Import] [I: END_BLOCK_CHANGE] [U: SuperUser] [S: ] [P: ] [T: http-nio-8080-exec-8] action = END_BLOCK_CHANGE 
2023-12-13 07:54:38.694+0000 [L: INFO] [O: Import] [I: BEGIN_BLOCK_CHANGE] [U: Administrator] [S: ] [P: ] [T: http-nio-8080-exec-9] action = BEGIN_BLOCK_CHANGE 
2023-12-13 07:54:38.695+0000 [L: INFO] [O: Thing] [I: TWX.Core.DBExample] [U: Administrator] [S: ] [P: ] [T: http-nio-8080-exec-9] action = MODIFY, reason = services : Test_Argument : service updated_Test_DBConnection_Date : service added_ 
2023-12-13 07:54:38.695+0000 [L: INFO] [O: Import] [I: END_BLOCK_CHANGE] [U: Administrator] [S: ] [P: ] [T: http-nio-8080-exec-9] action = END_BLOCK_CHANGE 
2023-12-13 10:02:01.491+0000 [L: INFO] [O: Import] [I: BEGIN_BLOCK_CHANGE] [U: Administrator] [S: ] [P: ] [T: http-nio-8080-exec-4] action = BEGIN_BLOCK_CHANGE 
2023-12-13 10:02:01.491+0000 [L: INFO] [O: PersistenceProvider] [I: DataPersistenceProvider] [U: Administrator] [S: ] [P: ] [T: http-nio-8080-exec-4] action = MODIFY, reason = configuration : password : updated_ 
2023-12-13 10:02:01.491+0000 [L: INFO] [O: Import] [I: END_BLOCK_CHANGE] [U: Administrator] [S: ] [P: ] [T: http-nio-8080-exec-4] action = END_BLOCK_CHANGE 
2023-12-13 10:02:10.017+0000 [L: INFO] [O: Import] [I: BEGIN_BLOCK_CHANGE] [U: Administrator] [S: ] [P: ] [T: http-nio-8080-exec-5] action = BEGIN_BLOCK_CHANGE 
2023-12-13 10:02:10.017+0000 [L: INFO] [O: Import] [I: END_BLOCK_CHANGE] [U: Administrator] [S: ] [P: ] [T: http-nio-8080-exec-5] action = END_BLOCK_CHANGE 
2023-12-13 11:09:43.950+0000 [L: INFO] [O: Import] [I: BEGIN_BLOCK_CHANGE] [U: Administrator] [S: ] [P: ] [T: http-nio-8080-exec-9] action = BEGIN_BLOCK_CHANGE 
2023-12-13 11:09:43.950+0000 [L: INFO] [O: Thing] [I: TestSQL] [U: Administrator] [S: ] [P: ] [T: http-nio-8080-exec-9] action = CREATE, reason = header : name : updated, projectName : updated_ 
2023-12-13 11:09:43.950+0000 [L: INFO] [O: Import] [I: END_BLOCK_CHANGE] [U: Administrator] [S: ] [P: ] [T: http-nio-8080-exec-9] action = END_BLOCK_CHANGE 
2023-12-13 11:09:52.612+0000 [L: INFO] [O: Import] [I: BEGIN_BLOCK_CHANGE] [U: Administrator] [S: ] [P: ] [T: http-nio-8080-exec-7] action = BEGIN_BLOCK_CHANGE 
2023-12-13 11:09:52.612+0000 [L: INFO] [O: Thing] [I: TestSQL] [U: Administrator] [S: ] [P: ] [T: http-nio-8080-exec-7] action = MODIFY, reason = services : QueryTime : service added_ 
2023-12-13 11:09:52.612+0000 [L: INFO] [O: Import] [I: END_BLOCK_CHANGE] [U: Administrator] [S: ] [P: ] [T: http-nio-8080-exec-7] action = END_BLOCK_CHANGE 
2023-12-13 11:10:01.776+0000 [L: INFO] [O: Import] [I: BEGIN_BLOCK_CHANGE] [U: Administrator] [S: ] [P: ] [T: http-nio-8080-exec-2] action = BEGIN_BLOCK_CHANGE 
2023-12-13 11:10:01.776+0000 [L: INFO] [O: Thing] [I: TestSQL] [U: Administrator] [S: ] [P: ] [T: http-nio-8080-exec-2] action = MODIFY, reason = services : QueryTime : service updated_ 
2023-12-13 11:10:01.776+0000 [L: INFO] [O: Import] [I: END_BLOCK_CHANGE] [U: Administrator] [S: ] [P: ] [T: http-nio-8080-exec-2] action = END_BLOCK_CHANGE 
2023-12-13 11:10:48.662+0000 [L: INFO] [O: Import] [I: BEGIN_BLOCK_CHANGE] [U: Administrator] [S: ] [P: ] [T: http-nio-8080-exec-5] action = BEGIN_BLOCK_CHANGE 
2023-12-13 11:10:48.662+0000 [L: INFO] [O: Thing] [I: TestSQL] [U: Administrator] [S: ] [P: ] [T: http-nio-8080-exec-5] action = MODIFY, reason = services : QueryTime : service updated_QuerTags : service added_ 
2023-12-13 11:10:48.662+0000 [L: INFO] [O: Import] [I: END_BLOCK_CHANGE] [U: Administrator] [S: ] [P: ] [T: http-nio-8080-exec-5] action = END_BLOCK_CHANGE 
2023-12-13 11:14:08.515+0000 [L: INFO] [O: Import] [I: BEGIN_BLOCK_CHANGE] [U: Administrator] [S: ] [P: ] [T: http-nio-8080-exec-8] action = BEGIN_BLOCK_CHANGE 
2023-12-13 11:14:08.515+0000 [L: INFO] [O: Thing] [I: TestSQL] [U: Administrator] [S: ] [P: ] [T: http-nio-8080-exec-8] action = MODIFY, reason = services : QuerTags : service updated_ 
2023-12-13 11:14:08.515+0000 [L: INFO] [O: Import] [I: END_BLOCK_CHANGE] [U: Administrator] [S: ] [P: ] [T: http-nio-8080-exec-8] action = END_BLOCK_CHANGE 
2023-12-13 11:14:25.304+0000 [L: INFO] [O: Import] [I: BEGIN_BLOCK_CHANGE] [U: Administrator] [S: ] [P: ] [T: http-nio-8080-exec-6] action = BEGIN_BLOCK_CHANGE 
2023-12-13 11:14:25.304+0000 [L: INFO] [O: Thing] [I: TestSQL] [U: Administrator] [S: ] [P: ] [T: http-nio-8080-exec-6] action = MODIFY, reason = services : QuerTags : service updated_ 
2023-12-13 11:14:25.304+0000 [L: INFO] [O: Import] [I: END_BLOCK_CHANGE] [U: Administrator] [S: ] [P: ] [T: http-nio-8080-exec-6] action = END_BLOCK_CHANGE 
2023-12-13 11:14:40.581+0000 [L: INFO] [O: Import] [I: BEGIN_BLOCK_CHANGE] [U: Administrator] [S: ] [P: ] [T: http-nio-8080-exec-7] action = BEGIN_BLOCK_CHANGE 
2023-12-13 11:14:40.581+0000 [L: INFO] [O: Thing] [I: TestSQL] [U: Administrator] [S: ] [P: ] [T: http-nio-8080-exec-7] action = MODIFY, reason = services : QuerTags : service updated_ 
2023-12-13 11:14:40.581+0000 [L: INFO] [O: Import] [I: END_BLOCK_CHANGE] [U: Administrator] [S: ] [P: ] [T: http-nio-8080-exec-7] action = END_BLOCK_CHANGE 
2023-12-13 11:15:05.750+0000 [L: INFO] [O: Import] [I: BEGIN_BLOCK_CHANGE] [U: Administrator] [S: ] [P: ] [T: http-nio-8080-exec-9] action = BEGIN_BLOCK_CHANGE 
2023-12-13 11:15:05.750+0000 [L: INFO] [O: Thing] [I: TestSQL] [U: Administrator] [S: ] [P: ] [T: http-nio-8080-exec-9] action = MODIFY, reason = services : QuerTags : service updated_configuration : persistenceProviderName : updated_ 
2023-12-13 11:15:05.750+0000 [L: INFO] [O: Import] [I: END_BLOCK_CHANGE] [U: Administrator] [S: ] [P: ] [T: http-nio-8080-exec-9] action = END_BLOCK_CHANGE 
2023-12-13 11:15:32.732+0000 [L: INFO] [O: Import] [I: BEGIN_BLOCK_CHANGE] [U: Administrator] [S: ] [P: ] [T: http-nio-8080-exec-4] action = BEGIN_BLOCK_CHANGE 
2023-12-13 11:15:32.732+0000 [L: INFO] [O: Thing] [I: TestSQL] [U: Administrator] [S: ] [P: ] [T: http-nio-8080-exec-4] action = MODIFY, reason = services : QuerTags : service updated_ 
2023-12-13 11:15:32.732+0000 [L: INFO] [O: Import] [I: END_BLOCK_CHANGE] [U: Administrator] [S: ] [P: ] [T: http-nio-8080-exec-4] action = END_BLOCK_CHANGE 
2023-12-13 11:24:46.688+0000 [L: INFO] [O: Import] [I: BEGIN_BLOCK_CHANGE] [U: SuperUser] [S: ] [P: ] [T: http-nio-8080-exec-4] action = BEGIN_BLOCK_CHANGE 
2023-12-13 11:24:46.688+0000 [L: INFO] [O: Group] [I: TWX.Core.Default_UG] [U: SuperUser] [S: ] [P: ] [T: http-nio-8080-exec-4] action = CREATE, reason = Importing Extension Package Metadata 
2023-12-13 11:24:46.688+0000 [L: INFO] [O: Organization] [I: TWX.Core.Default_OR] [U: SuperUser] [S: ] [P: ] [T: http-nio-8080-exec-4] action = CREATE, reason = Importing Extension Package Metadata 
2023-12-13 11:24:46.688+0000 [L: INFO] [O: DataShape] [I: TWX.Core.LiquibaseConfgig_DS] [U: SuperUser] [S: ] [P: ] [T: http-nio-8080-exec-4] action = CREATE, reason = Importing Extension Package Metadata 
2023-12-13 11:24:46.688+0000 [L: INFO] [O: ThingShape] [I: TWX.Core.Actor_TS] [U: SuperUser] [S: ] [P: ] [T: http-nio-8080-exec-4] action = CREATE, reason = Importing Extension Package Metadata 
2023-12-13 11:24:46.688+0000 [L: INFO] [O: ThingShape] [I: TWX.Core.Database_TS] [U: SuperUser] [S: ] [P: ] [T: http-nio-8080-exec-4] action = CREATE, reason = Importing Extension Package Metadata 
2023-12-13 11:24:46.688+0000 [L: INFO] [O: Project] [I: TWX.Core] [U: SuperUser] [S: ] [P: ] [T: http-nio-8080-exec-4] action = CREATE, reason = Importing Extension Package Metadata 
2023-12-13 11:24:46.688+0000 [L: INFO] [O: ExtensionPackage] [I: twx.core.extension] [U: SuperUser] [S: ] [P: ] [T: http-nio-8080-exec-4] action = CREATE, reason = Importing Extension Package Metadata 
2023-12-13 11:24:46.688+0000 [L: INFO] [O: Resource] [I: DateServices] [U: SuperUser] [S: ] [P: ] [T: http-nio-8080-exec-4] action = CREATE, reason = Importing Extension Package Metadata 
2023-12-13 11:24:46.688+0000 [L: INFO] [O: Resource] [I: SysUtilServices] [U: SuperUser] [S: ] [P: ] [T: http-nio-8080-exec-4] action = CREATE, reason = Importing Extension Package Metadata 
2023-12-13 11:24:46.688+0000 [L: INFO] [O: Resource] [I: ConcurrencyServices] [U: SuperUser] [S: ] [P: ] [T: http-nio-8080-exec-4] action = CREATE, reason = Importing Extension Package Metadata 
2023-12-13 11:24:46.688+0000 [L: INFO] [O: ScriptFunctionLibrary] [I: TWX.Core.UtilFunctions] [U: SuperUser] [S: ] [P: ] [T: http-nio-8080-exec-4] action = CREATE, reason = Importing Extension Package Metadata 
2023-12-13 11:24:46.688+0000 [L: INFO] [O: ScriptFunctionLibrary] [I: TWX.Core.DateFunctions] [U: SuperUser] [S: ] [P: ] [T: http-nio-8080-exec-4] action = CREATE, reason = Importing Extension Package Metadata 
2023-12-13 11:24:46.688+0000 [L: INFO] [O: ScriptFunctionLibrary] [I: TWX.Core.StringFunctions] [U: SuperUser] [S: ] [P: ] [T: http-nio-8080-exec-4] action = CREATE, reason = Importing Extension Package Metadata 
2023-12-13 11:24:46.688+0000 [L: INFO] [O: ScriptFunctionLibrary] [I: TWX.Core.MathFunctions] [U: SuperUser] [S: ] [P: ] [T: http-nio-8080-exec-4] action = CREATE, reason = Importing Extension Package Metadata 
2023-12-13 11:24:46.688+0000 [L: INFO] [O: ScriptFunctionLibrary] [I: TWX.Core.ConcurrencyFunctions] [U: SuperUser] [S: ] [P: ] [T: http-nio-8080-exec-4] action = CREATE, reason = Importing Extension Package Metadata 
2023-12-13 11:24:46.688+0000 [L: INFO] [O: ScriptFunctionLibrary] [I: TWX.Core.DatabaseFunctions] [U: SuperUser] [S: ] [P: ] [T: http-nio-8080-exec-4] action = CREATE, reason = Importing Extension Package Metadata 
2023-12-13 11:24:46.688+0000 [L: INFO] [O: Thing] [I: TWX.Core.Examples] [U: SuperUser] [S: ] [P: ] [T: http-nio-8080-exec-4] action = CREATE, reason = Importing Extension Package Metadata 
2023-12-13 11:24:46.688+0000 [L: INFO] [O: Thing] [I: TWX.Core.DBExample] [U: SuperUser] [S: ] [P: ] [T: http-nio-8080-exec-4] action = CREATE, reason = Importing Extension Package Metadata 
2023-12-13 11:24:46.688+0000 [L: INFO] [O: ModelTagVocabulary] [I: TWX.Core] [U: SuperUser] [S: ] [P: ] [T: http-nio-8080-exec-4] action = CREATE, reason = Automatic Creation on Import 
2023-12-13 11:24:46.688+0000 [L: INFO] [O: Import] [I: END_BLOCK_CHANGE] [U: SuperUser] [S: ] [P: ] [T: http-nio-8080-exec-4] action = END_BLOCK_CHANGE 
2023-12-13 12:46:58.848+0000 [L: INFO] [O: Import] [I: BEGIN_BLOCK_CHANGE] [U: SuperUser] [S: ] [P: ] [T: http-nio-8080-exec-2] action = BEGIN_BLOCK_CHANGE 
2023-12-13 12:46:58.848+0000 [L: INFO] [O: Group] [I: TWX.Core.Default_UG] [U: SuperUser] [S: ] [P: ] [T: http-nio-8080-exec-2] action = CREATE, reason = Importing Extension Package Metadata 
2023-12-13 12:46:58.848+0000 [L: INFO] [O: Organization] [I: TWX.Core.Default_OR] [U: SuperUser] [S: ] [P: ] [T: http-nio-8080-exec-2] action = CREATE, reason = Importing Extension Package Metadata 
2023-12-13 12:46:58.848+0000 [L: INFO] [O: DataShape] [I: TWX.Core.LiquibaseConfgig_DS] [U: SuperUser] [S: ] [P: ] [T: http-nio-8080-exec-2] action = CREATE, reason = Importing Extension Package Metadata 
2023-12-13 12:46:58.848+0000 [L: INFO] [O: ThingShape] [I: TWX.Core.Actor_TS] [U: SuperUser] [S: ] [P: ] [T: http-nio-8080-exec-2] action = CREATE, reason = Importing Extension Package Metadata 
2023-12-13 12:46:58.848+0000 [L: INFO] [O: ThingShape] [I: TWX.Core.Database_TS] [U: SuperUser] [S: ] [P: ] [T: http-nio-8080-exec-2] action = CREATE, reason = Importing Extension Package Metadata 
2023-12-13 12:46:58.848+0000 [L: INFO] [O: Project] [I: TWX.Core] [U: SuperUser] [S: ] [P: ] [T: http-nio-8080-exec-2] action = CREATE, reason = Importing Extension Package Metadata 
2023-12-13 12:46:58.848+0000 [L: INFO] [O: ExtensionPackage] [I: twx.core.extension] [U: SuperUser] [S: ] [P: ] [T: http-nio-8080-exec-2] action = CREATE, reason = Importing Extension Package Metadata 
2023-12-13 12:46:58.848+0000 [L: INFO] [O: Resource] [I: DateServices] [U: SuperUser] [S: ] [P: ] [T: http-nio-8080-exec-2] action = CREATE, reason = Importing Extension Package Metadata 
2023-12-13 12:46:58.848+0000 [L: INFO] [O: Resource] [I: SysUtilServices] [U: SuperUser] [S: ] [P: ] [T: http-nio-8080-exec-2] action = CREATE, reason = Importing Extension Package Metadata 
2023-12-13 12:46:58.848+0000 [L: INFO] [O: Resource] [I: ConcurrencyServices] [U: SuperUser] [S: ] [P: ] [T: http-nio-8080-exec-2] action = CREATE, reason = Importing Extension Package Metadata 
2023-12-13 12:46:58.848+0000 [L: INFO] [O: ScriptFunctionLibrary] [I: TWX.Core.UtilFunctions] [U: SuperUser] [S: ] [P: ] [T: http-nio-8080-exec-2] action = CREATE, reason = Importing Extension Package Metadata 
2023-12-13 12:46:58.848+0000 [L: INFO] [O: ScriptFunctionLibrary] [I: TWX.Core.DateFunctions] [U: SuperUser] [S: ] [P: ] [T: http-nio-8080-exec-2] action = CREATE, reason = Importing Extension Package Metadata 
2023-12-13 12:46:58.848+0000 [L: INFO] [O: ScriptFunctionLibrary] [I: TWX.Core.StringFunctions] [U: SuperUser] [S: ] [P: ] [T: http-nio-8080-exec-2] action = CREATE, reason = Importing Extension Package Metadata 
2023-12-13 12:46:58.848+0000 [L: INFO] [O: ScriptFunctionLibrary] [I: TWX.Core.MathFunctions] [U: SuperUser] [S: ] [P: ] [T: http-nio-8080-exec-2] action = CREATE, reason = Importing Extension Package Metadata 
2023-12-13 12:46:58.848+0000 [L: INFO] [O: ScriptFunctionLibrary] [I: TWX.Core.ConcurrencyFunctions] [U: SuperUser] [S: ] [P: ] [T: http-nio-8080-exec-2] action = CREATE, reason = Importing Extension Package Metadata 
2023-12-13 12:46:58.848+0000 [L: INFO] [O: ScriptFunctionLibrary] [I: TWX.Core.DatabaseFunctions] [U: SuperUser] [S: ] [P: ] [T: http-nio-8080-exec-2] action = CREATE, reason = Importing Extension Package Metadata 
2023-12-13 12:46:58.848+0000 [L: INFO] [O: Thing] [I: TWX.Core.Examples] [U: SuperUser] [S: ] [P: ] [T: http-nio-8080-exec-2] action = CREATE, reason = Importing Extension Package Metadata 
2023-12-13 12:46:58.848+0000 [L: INFO] [O: Thing] [I: TWX.Core.DBExample] [U: SuperUser] [S: ] [P: ] [T: http-nio-8080-exec-2] action = CREATE, reason = Importing Extension Package Metadata 
2023-12-13 12:46:58.848+0000 [L: INFO] [O: ModelTagVocabulary] [I: TWX.Core] [U: SuperUser] [S: ] [P: ] [T: http-nio-8080-exec-2] action = CREATE, reason = Automatic Creation on Import 
2023-12-13 12:46:58.848+0000 [L: INFO] [O: Import] [I: END_BLOCK_CHANGE] [U: SuperUser] [S: ] [P: ] [T: http-nio-8080-exec-2] action = END_BLOCK_CHANGE 
2023-12-13 12:47:35.255+0000 [L: INFO] [O: Import] [I: BEGIN_BLOCK_CHANGE] [U: Administrator] [S: ] [P: ] [T: http-nio-8080-exec-8] action = BEGIN_BLOCK_CHANGE 
2023-12-13 12:47:35.255+0000 [L: INFO] [O: PersistenceProvider] [I: DataPersistenceProvider] [U: Administrator] [S: ] [P: ] [T: http-nio-8080-exec-8] action = MODIFY, reason = configuration : password : updated_ 
2023-12-13 12:47:35.255+0000 [L: INFO] [O: Import] [I: END_BLOCK_CHANGE] [U: Administrator] [S: ] [P: ] [T: http-nio-8080-exec-8] action = END_BLOCK_CHANGE 
2023-12-13 12:53:00.408+0000 [L: INFO] [O: Import] [I: BEGIN_BLOCK_CHANGE] [U: Administrator] [S: ] [P: ] [T: http-nio-8080-exec-8] action = BEGIN_BLOCK_CHANGE 
2023-12-13 12:53:00.408+0000 [L: INFO] [O: PersistenceProvider] [I: DataPersistenceProvider] [U: Administrator] [S: ] [P: ] [T: http-nio-8080-exec-8] action = MODIFY, reason = configuration : password : updated_ 
2023-12-13 12:53:00.408+0000 [L: INFO] [O: Import] [I: END_BLOCK_CHANGE] [U: Administrator] [S: ] [P: ] [T: http-nio-8080-exec-8] action = END_BLOCK_CHANGE 
2023-12-13 12:54:05.617+0000 [L: INFO] [O: Import] [I: BEGIN_BLOCK_CHANGE] [U: SuperUser] [S: ] [P: ] [T: http-nio-8080-exec-1] action = BEGIN_BLOCK_CHANGE 
2023-12-13 12:54:05.617+0000 [L: INFO] [O: Group] [I: TWX.Core.Default_UG] [U: SuperUser] [S: ] [P: ] [T: http-nio-8080-exec-1] action = CREATE, reason = Importing Extension Package Metadata 
2023-12-13 12:54:05.617+0000 [L: INFO] [O: Organization] [I: TWX.Core.Default_OR] [U: SuperUser] [S: ] [P: ] [T: http-nio-8080-exec-1] action = CREATE, reason = Importing Extension Package Metadata 
2023-12-13 12:54:05.617+0000 [L: INFO] [O: DataShape] [I: TWX.Core.LiquibaseConfgig_DS] [U: SuperUser] [S: ] [P: ] [T: http-nio-8080-exec-1] action = CREATE, reason = Importing Extension Package Metadata 
2023-12-13 12:54:05.617+0000 [L: INFO] [O: ThingShape] [I: TWX.Core.Actor_TS] [U: SuperUser] [S: ] [P: ] [T: http-nio-8080-exec-1] action = CREATE, reason = Importing Extension Package Metadata 
2023-12-13 12:54:05.617+0000 [L: INFO] [O: ThingShape] [I: TWX.Core.Database_TS] [U: SuperUser] [S: ] [P: ] [T: http-nio-8080-exec-1] action = CREATE, reason = Importing Extension Package Metadata 
2023-12-13 12:54:05.617+0000 [L: INFO] [O: Project] [I: TWX.Core] [U: SuperUser] [S: ] [P: ] [T: http-nio-8080-exec-1] action = CREATE, reason = Importing Extension Package Metadata 
2023-12-13 12:54:05.617+0000 [L: INFO] [O: ExtensionPackage] [I: twx.core.extension] [U: SuperUser] [S: ] [P: ] [T: http-nio-8080-exec-1] action = CREATE, reason = Importing Extension Package Metadata 
2023-12-13 12:54:05.617+0000 [L: INFO] [O: Resource] [I: DateServices] [U: SuperUser] [S: ] [P: ] [T: http-nio-8080-exec-1] action = CREATE, reason = Importing Extension Package Metadata 
2023-12-13 12:54:05.617+0000 [L: INFO] [O: Resource] [I: SysUtilServices] [U: SuperUser] [S: ] [P: ] [T: http-nio-8080-exec-1] action = CREATE, reason = Importing Extension Package Metadata 
2023-12-13 12:54:05.617+0000 [L: INFO] [O: Resource] [I: ConcurrencyServices] [U: SuperUser] [S: ] [P: ] [T: http-nio-8080-exec-1] action = CREATE, reason = Importing Extension Package Metadata 
2023-12-13 12:54:05.617+0000 [L: INFO] [O: ScriptFunctionLibrary] [I: TWX.Core.UtilFunctions] [U: SuperUser] [S: ] [P: ] [T: http-nio-8080-exec-1] action = CREATE, reason = Importing Extension Package Metadata 
2023-12-13 12:54:05.617+0000 [L: INFO] [O: ScriptFunctionLibrary] [I: TWX.Core.DateFunctions] [U: SuperUser] [S: ] [P: ] [T: http-nio-8080-exec-1] action = CREATE, reason = Importing Extension Package Metadata 
2023-12-13 12:54:05.617+0000 [L: INFO] [O: ScriptFunctionLibrary] [I: TWX.Core.StringFunctions] [U: SuperUser] [S: ] [P: ] [T: http-nio-8080-exec-1] action = CREATE, reason = Importing Extension Package Metadata 
2023-12-13 12:54:05.617+0000 [L: INFO] [O: ScriptFunctionLibrary] [I: TWX.Core.MathFunctions] [U: SuperUser] [S: ] [P: ] [T: http-nio-8080-exec-1] action = CREATE, reason = Importing Extension Package Metadata 
2023-12-13 12:54:05.617+0000 [L: INFO] [O: ScriptFunctionLibrary] [I: TWX.Core.ConcurrencyFunctions] [U: SuperUser] [S: ] [P: ] [T: http-nio-8080-exec-1] action = CREATE, reason = Importing Extension Package Metadata 
2023-12-13 12:54:05.617+0000 [L: INFO] [O: ScriptFunctionLibrary] [I: TWX.Core.DatabaseFunctions] [U: SuperUser] [S: ] [P: ] [T: http-nio-8080-exec-1] action = CREATE, reason = Importing Extension Package Metadata 
2023-12-13 12:54:05.617+0000 [L: INFO] [O: Thing] [I: TWX.Core.Examples] [U: SuperUser] [S: ] [P: ] [T: http-nio-8080-exec-1] action = CREATE, reason = Importing Extension Package Metadata 
2023-12-13 12:54:05.617+0000 [L: INFO] [O: Thing] [I: TWX.Core.DBExample] [U: SuperUser] [S: ] [P: ] [T: http-nio-8080-exec-1] action = CREATE, reason = Importing Extension Package Metadata 
2023-12-13 12:54:05.617+0000 [L: INFO] [O: ModelTagVocabulary] [I: TWX.Core] [U: SuperUser] [S: ] [P: ] [T: http-nio-8080-exec-1] action = CREATE, reason = Automatic Creation on Import 
2023-12-13 12:54:05.617+0000 [L: INFO] [O: Import] [I: END_BLOCK_CHANGE] [U: SuperUser] [S: ] [P: ] [T: http-nio-8080-exec-1] action = END_BLOCK_CHANGE 
2023-12-13 13:30:10.613+0000 [L: INFO] [O: Import] [I: BEGIN_BLOCK_CHANGE] [U: Administrator] [S: ] [P: ] [T: http-nio-8080-exec-4] action = BEGIN_BLOCK_CHANGE 
2023-12-13 13:30:10.613+0000 [L: INFO] [O: PersistenceProvider] [I: DataPersistenceProvider] [U: Administrator] [S: ] [P: ] [T: http-nio-8080-exec-4] action = MODIFY, reason = configuration : password : updated_ 
2023-12-13 13:30:10.613+0000 [L: INFO] [O: Import] [I: END_BLOCK_CHANGE] [U: Administrator] [S: ] [P: ] [T: http-nio-8080-exec-4] action = END_BLOCK_CHANGE 
2023-12-13 13:31:25.738+0000 [L: INFO] [O: Import] [I: BEGIN_BLOCK_CHANGE] [U: SuperUser] [S: ] [P: ] [T: http-nio-8080-exec-1] action = BEGIN_BLOCK_CHANGE 
2023-12-13 13:31:25.738+0000 [L: INFO] [O: Group] [I: TWX.Core.Default_UG] [U: SuperUser] [S: ] [P: ] [T: http-nio-8080-exec-1] action = CREATE, reason = Importing Extension Package Metadata 
2023-12-13 13:31:25.738+0000 [L: INFO] [O: Organization] [I: TWX.Core.Default_OR] [U: SuperUser] [S: ] [P: ] [T: http-nio-8080-exec-1] action = CREATE, reason = Importing Extension Package Metadata 
2023-12-13 13:31:25.738+0000 [L: INFO] [O: DataShape] [I: TWX.Core.LiquibaseConfgig_DS] [U: SuperUser] [S: ] [P: ] [T: http-nio-8080-exec-1] action = CREATE, reason = Importing Extension Package Metadata 
2023-12-13 13:31:25.738+0000 [L: INFO] [O: ThingShape] [I: TWX.Core.Actor_TS] [U: SuperUser] [S: ] [P: ] [T: http-nio-8080-exec-1] action = CREATE, reason = Importing Extension Package Metadata 
2023-12-13 13:31:25.738+0000 [L: INFO] [O: ThingShape] [I: TWX.Core.Database_TS] [U: SuperUser] [S: ] [P: ] [T: http-nio-8080-exec-1] action = CREATE, reason = Importing Extension Package Metadata 
2023-12-13 13:31:25.738+0000 [L: INFO] [O: Project] [I: TWX.Core] [U: SuperUser] [S: ] [P: ] [T: http-nio-8080-exec-1] action = CREATE, reason = Importing Extension Package Metadata 
2023-12-13 13:31:25.738+0000 [L: INFO] [O: ExtensionPackage] [I: twx.core.extension] [U: SuperUser] [S: ] [P: ] [T: http-nio-8080-exec-1] action = CREATE, reason = Importing Extension Package Metadata 
2023-12-13 13:31:25.738+0000 [L: INFO] [O: Resource] [I: DateServices] [U: SuperUser] [S: ] [P: ] [T: http-nio-8080-exec-1] action = CREATE, reason = Importing Extension Package Metadata 
2023-12-13 13:31:25.738+0000 [L: INFO] [O: Resource] [I: SysUtilServices] [U: SuperUser] [S: ] [P: ] [T: http-nio-8080-exec-1] action = CREATE, reason = Importing Extension Package Metadata 
2023-12-13 13:31:25.738+0000 [L: INFO] [O: Resource] [I: ConcurrencyServices] [U: SuperUser] [S: ] [P: ] [T: http-nio-8080-exec-1] action = CREATE, reason = Importing Extension Package Metadata 
2023-12-13 13:31:25.738+0000 [L: INFO] [O: ScriptFunctionLibrary] [I: TWX.Core.UtilFunctions] [U: SuperUser] [S: ] [P: ] [T: http-nio-8080-exec-1] action = CREATE, reason = Importing Extension Package Metadata 
2023-12-13 13:31:25.738+0000 [L: INFO] [O: ScriptFunctionLibrary] [I: TWX.Core.DateFunctions] [U: SuperUser] [S: ] [P: ] [T: http-nio-8080-exec-1] action = CREATE, reason = Importing Extension Package Metadata 
2023-12-13 13:31:25.738+0000 [L: INFO] [O: ScriptFunctionLibrary] [I: TWX.Core.StringFunctions] [U: SuperUser] [S: ] [P: ] [T: http-nio-8080-exec-1] action = CREATE, reason = Importing Extension Package Metadata 
2023-12-13 13:31:25.738+0000 [L: INFO] [O: ScriptFunctionLibrary] [I: TWX.Core.MathFunctions] [U: SuperUser] [S: ] [P: ] [T: http-nio-8080-exec-1] action = CREATE, reason = Importing Extension Package Metadata 
2023-12-13 13:31:25.738+0000 [L: INFO] [O: ScriptFunctionLibrary] [I: TWX.Core.ConcurrencyFunctions] [U: SuperUser] [S: ] [P: ] [T: http-nio-8080-exec-1] action = CREATE, reason = Importing Extension Package Metadata 
2023-12-13 13:31:25.738+0000 [L: INFO] [O: ScriptFunctionLibrary] [I: TWX.Core.DatabaseFunctions] [U: SuperUser] [S: ] [P: ] [T: http-nio-8080-exec-1] action = CREATE, reason = Importing Extension Package Metadata 
2023-12-13 13:31:25.738+0000 [L: INFO] [O: Thing] [I: TWX.Core.Examples] [U: SuperUser] [S: ] [P: ] [T: http-nio-8080-exec-1] action = CREATE, reason = Importing Extension Package Metadata 
2023-12-13 13:31:25.738+0000 [L: INFO] [O: Thing] [I: TWX.Core.DBExample] [U: SuperUser] [S: ] [P: ] [T: http-nio-8080-exec-1] action = CREATE, reason = Importing Extension Package Metadata 
2023-12-13 13:31:25.738+0000 [L: INFO] [O: ModelTagVocabulary] [I: TWX.Core] [U: SuperUser] [S: ] [P: ] [T: http-nio-8080-exec-1] action = CREATE, reason = Automatic Creation on Import 
2023-12-13 13:31:25.738+0000 [L: INFO] [O: Import] [I: END_BLOCK_CHANGE] [U: SuperUser] [S: ] [P: ] [T: http-nio-8080-exec-1] action = END_BLOCK_CHANGE 
