2023-12-13 07:38:47.917+0000 [L: ERROR] [O: E.c.q.l.c.Logger] [I: ] [U: Administrator] [S: ] [P: ] [T: http-nio-8080-exec-9] *** Unable to connect to the PersistenceProvider: DataPersistenceProvider ***. 
2023-12-13 07:38:47.918+0000 [L: ERROR] [O: E.c.q.l.c.Logger] [I: ] [U: Administrator] [S: ] [P: ] [T: http-nio-8080-exec-9] Unable to process import: Unable to update PersistenceProvider: Unable to connect to the PersistenceProvider: DataPersistenceProvider 
2023-12-13 07:38:47.918+0000 [L: ERROR] [O: E.c.q.l.c.Logger] [I: ] [U: Administrator] [S: ] [P: ] [T: http-nio-8080-exec-9] Import Failed: Unable to update PersistenceProvider: Unable to connect to the PersistenceProvider: DataPersistenceProvider 
2023-12-13 07:39:35.701+0000 [L: ERROR] [O: E.c.q.l.c.Logger] [I: ] [U: Administrator] [S: ] [P: ] [T: http-nio-8080-exec-8] Error getting database connection 
2023-12-13 07:39:35.705+0000 [L: ERROR] [O: E.c.q.l.c.Logger] [I: ] [U: Administrator] [S: ] [P: ] [T: http-nio-8080-exec-8] Unable To Convert From java.lang.Double to JSON 
2023-12-13 07:39:52.520+0000 [L: ERROR] [O: E.c.q.l.c.Logger] [I: ] [U: Administrator] [S: ] [P: ] [T: http-nio-8080-exec-5] ErrorCode(a7b180a3-5a3a-4a74-9f0e-f800c1893a77), Cause(null), Reason(Access was attempted on a null reference variable.), Possible Resolutions(Remove the reference to the null variable within your extension code.) 
2023-12-13 07:39:52.520+0000 [L: ERROR] [O: E.c.q.l.c.Logger] [I: ] [U: Administrator] [S: ] [P: ] [T: http-nio-8080-exec-5] Unable to Invoke Service GetDBModel on TWX.Core.DBExample : null 
2023-12-13 07:39:59.955+0000 [L: ERROR] [O: E.c.q.l.c.Logger] [I: ] [U: Administrator] [S: ] [P: ] [T: http-nio-8080-exec-9] Error getting database connection 
2023-12-13 07:39:59.955+0000 [L: ERROR] [O: E.c.q.l.c.Logger] [I: ] [U: Administrator] [S: ] [P: ] [T: http-nio-8080-exec-9] ErrorCode(d2bee105-d5d4-4e89-a90e-d165debf47e8), Cause(null), Reason(Access was attempted on a null reference variable.), Possible Resolutions(Remove the reference to the null variable within your extension code.) 
2023-12-13 07:39:59.955+0000 [L: ERROR] [O: E.c.q.l.c.Logger] [I: ] [U: Administrator] [S: ] [P: ] [T: http-nio-8080-exec-9] Unable to Invoke Service QueryDBModel on TWX.Core.DBExample : null 
2023-12-13 07:40:13.336+0000 [L: ERROR] [O: E.c.q.l.c.Logger] [I: ] [U: Administrator] [S: ] [P: ] [T: http-nio-8080-exec-10] Error getting database connection 
2023-12-13 07:40:13.336+0000 [L: ERROR] [O: E.c.q.l.c.Logger] [I: ] [U: Administrator] [S: ] [P: ] [T: http-nio-8080-exec-10] ErrorCode(19da579a-4e32-4842-8dd8-3ca283d1c4ae), Cause(null), Reason(Access was attempted on a null reference variable.), Possible Resolutions(Remove the reference to the null variable within your extension code.) 
2023-12-13 07:40:13.336+0000 [L: ERROR] [O: E.c.q.l.c.Logger] [I: ] [U: Administrator] [S: ] [P: ] [T: http-nio-8080-exec-10] Unable to Invoke Service UpdateDBModel on TWX.Core.DBExample : null 
2023-12-13 07:40:27.772+0000 [L: ERROR] [O: E.c.q.l.c.Logger] [I: ] [U: Administrator] [S: ] [P: ] [T: http-nio-8080-exec-1] Can not get config from Thing 
2023-12-13 07:40:27.814+0000 [L: ERROR] [O: E.c.q.l.c.Logger] [I: ] [U: Administrator] [S: ] [P: ] [T: http-nio-8080-exec-1] Error getting database connection 
2023-12-13 07:40:27.815+0000 [L: ERROR] [O: E.c.q.l.c.Logger] [I: ] [U: Administrator] [S: ] [P: ] [T: http-nio-8080-exec-1] ErrorCode(f164933a-ba41-44b7-a0cd-82f3a0cd29d7), Cause(null), Reason(Access was attempted on a null reference variable.), Possible Resolutions(Remove the reference to the null variable within your extension code.) 
2023-12-13 07:40:27.816+0000 [L: ERROR] [O: E.c.q.l.c.Logger] [I: ] [U: Administrator] [S: ] [P: ] [T: http-nio-8080-exec-1] Unable to Invoke Service LBhistory on TWX.Core.DBExample : null 
2023-12-13 07:40:58.703+0000 [L: ERROR] [O: E.c.q.l.c.Logger] [I: ] [U: Administrator] [S: ] [P: ] [T: http-nio-8080-exec-8] ErrorCode(d6fa44c8-5235-4f1c-b469-aade62e6f76b), Cause(null), Reason(Access was attempted on a null reference variable.), Possible Resolutions(Remove the reference to the null variable within your extension code.) 
2023-12-13 07:40:58.703+0000 [L: ERROR] [O: E.c.q.l.c.Logger] [I: ] [U: Administrator] [S: ] [P: ] [T: http-nio-8080-exec-8] Unable to Invoke Service GetDBTables on TWX.Core.DBExample : null 
2023-12-13 07:41:10.647+0000 [L: ERROR] [O: E.c.q.l.c.Logger] [I: ] [U: Administrator] [S: ] [P: ] [T: http-nio-8080-exec-2] Error getting database connection 
2023-12-13 07:41:10.649+0000 [L: ERROR] [O: E.c.q.l.c.Logger] [I: ] [U: Administrator] [S: ] [P: ] [T: http-nio-8080-exec-2] Unable To Convert From org.mozilla.javascript.UniqueTag to INFOTABLE 
2023-12-13 07:43:03.802+0000 [L: ERROR] [O: E.c.q.l.c.Logger] [I: ] [U: Administrator] [S: ] [P: ] [T: http-nio-8080-exec-7] Error getting database connection 
2023-12-13 07:43:03.804+0000 [L: ERROR] [O: E.c.q.l.c.Logger] [I: ] [U: Administrator] [S: ] [P: ] [T: http-nio-8080-exec-7] Unable To Convert From org.mozilla.javascript.UniqueTag to INFOTABLE 
2023-12-13 07:55:01.050+0000 [L: ERROR] [O: E.c.q.l.c.Logger] [I: ] [U: Administrator] [S: ] [P: ] [T: http-nio-8080-exec-3] Unable to Invoke Service ExecuteQuery on TWX.Core.DBExample : The result set is closed. 
2023-12-13 07:55:55.214+0000 [L: ERROR] [O: E.c.q.l.c.Logger] [I: ] [U: Administrator] [S: ] [P: ] [T: http-nio-8080-exec-5] ErrorCode(bda042da-680a-4fa8-92ff-cb32fce7913c), Cause(null), Reason(Access was attempted on a null reference variable.), Possible Resolutions(Remove the reference to the null variable within your extension code.) 
2023-12-13 07:55:55.215+0000 [L: ERROR] [O: E.c.q.l.c.Logger] [I: ] [U: Administrator] [S: ] [P: ] [T: http-nio-8080-exec-5] Unable to Invoke Service GetDBModel on TWX.Core.DBExample : null 
2023-12-13 10:01:26.232+0000 [L: ERROR] [O: E.c.q.l.c.Logger] [I: ] [U: Administrator] [S: ] [P: ] [T: http-nio-8080-exec-10] Entity Not Found : [TWX.Core.DBExample] 
2023-12-13 10:01:26.249+0000 [L: ERROR] [O: E.c.q.l.c.Logger] [I: UI] [U: Administrator] [S: ] [P: ] [T: http-nio-8080-exec-2] ERROR [app-router] Router navigation failed, and no previous location or fallbackRoute could be restored.  
2023-12-13 10:01:26.249+0000 [L: ERROR] [O: E.c.q.l.c.Logger] [I: UI] [U: Administrator] [S: ] [P: ] [T: http-nio-8080-exec-1] ERROR [app-router] Error: Route not found: services?mode=edit  
2023-12-13 11:10:48.964+0000 [L: ERROR] [O: E.c.q.l.c.Logger] [I: ] [U: Administrator] [S: ] [P: ] [T: http-nio-8080-exec-5] Unable to Invoke Service QuerTags on TestSQL : Execute Query failed. com.microsoft.sqlserver.jdbc.SQLServerException: Invalid object name 'databasechangelog'. 
2023-12-13 11:10:48.965+0000 [L: ERROR] [O: E.c.q.l.c.Logger] [I: ] [U: Administrator] [S: ] [P: ] [T: http-nio-8080-exec-5] Unable to Invoke Service QuerTags on TestSQL : Execute Query failed. Please check Database logs for more details. 
2023-12-13 11:14:09.059+0000 [L: ERROR] [O: E.c.q.l.c.Logger] [I: ] [U: Administrator] [S: ] [P: ] [T: http-nio-8080-exec-1] Unable to Invoke Service QuerTags on TestSQL : Execute Query failed. com.microsoft.sqlserver.jdbc.SQLServerException: Invalid object name 'dbo.DATABASECHANGELOG'. 
2023-12-13 11:14:09.061+0000 [L: ERROR] [O: E.c.q.l.c.Logger] [I: ] [U: Administrator] [S: ] [P: ] [T: http-nio-8080-exec-1] Unable to Invoke Service QuerTags on TestSQL : Execute Query failed. Please check Database logs for more details. 
2023-12-13 11:14:25.928+0000 [L: ERROR] [O: E.c.q.l.c.Logger] [I: ] [U: Administrator] [S: ] [P: ] [T: http-nio-8080-exec-10] Unable to Invoke Service QuerTags on TestSQL : Execute Query failed. com.microsoft.sqlserver.jdbc.SQLServerException: Invalid object name 'dbo.DATABASECHANGELOG'. 
2023-12-13 11:14:25.929+0000 [L: ERROR] [O: E.c.q.l.c.Logger] [I: ] [U: Administrator] [S: ] [P: ] [T: http-nio-8080-exec-10] Unable to Invoke Service QuerTags on TestSQL : Execute Query failed. Please check Database logs for more details. 
2023-12-13 11:14:41.124+0000 [L: ERROR] [O: E.c.q.l.c.Logger] [I: ] [U: Administrator] [S: ] [P: ] [T: http-nio-8080-exec-9] Unable to Invoke Service QuerTags on TestSQL : Execute Query failed. com.microsoft.sqlserver.jdbc.SQLServerException: Invalid object name 'dbo.DATABASECHANGELOG'. 
2023-12-13 11:14:41.125+0000 [L: ERROR] [O: E.c.q.l.c.Logger] [I: ] [U: Administrator] [S: ] [P: ] [T: http-nio-8080-exec-9] Unable to Invoke Service QuerTags on TestSQL : Execute Query failed. Please check Database logs for more details. 
2023-12-13 11:28:58.681+0000 [L: ERROR] [O: E.c.q.l.c.Logger] [I: ] [U: Administrator] [S: ] [P: ] [T: http-nio-8080-exec-6] Error on Liquibase run 
2023-12-13 11:28:58.682+0000 [L: ERROR] [O: E.c.q.l.c.Logger] [I: ] [U: Administrator] [S: ] [P: ] [T: http-nio-8080-exec-6] Unable to Invoke Service LBrollbackToTag on TWX.Core.DBExample : liquibase.exception.LiquibaseException: liquibase.exception.RollbackFailedException: liquibase.exception.DatabaseException: The index 'tab_1_tab_2_id_IDX' is dependent on column 'tab_2_id'. [Failed SQL: (5074) ALTER TABLE twdata.dbo.tab_1 DROP COLUMN tab_2_id] 
2023-12-13 11:37:17.817+0000 [L: ERROR] [O: E.c.q.l.c.Logger] [I: ] [U: Administrator] [S: ] [P: ] [T: http-nio-8080-exec-10] Error on Liquibase run 
2023-12-13 11:37:17.817+0000 [L: ERROR] [O: E.c.q.l.c.Logger] [I: ] [U: Administrator] [S: ] [P: ] [T: http-nio-8080-exec-10] Unable to Invoke Service LBrollbackToTag on TWX.Core.DBExample : liquibase.exception.RollbackFailedException: Could not find tag 'empty' in the database 
2023-12-13 11:59:53.333+0000 [L: ERROR] [O: E.c.q.l.c.Logger] [I: ] [U: Administrator] [S: ] [P: ] [T: http-nio-8080-exec-5] Error getting database connection 
2023-12-13 11:59:53.334+0000 [L: ERROR] [O: E.c.q.l.c.Logger] [I: ] [U: Administrator] [S: ] [P: ] [T: http-nio-8080-exec-7] Error getting database connection 
2023-12-13 11:59:53.334+0000 [L: ERROR] [O: E.c.q.l.c.Logger] [I: ] [U: Administrator] [S: ] [P: ] [T: http-nio-8080-exec-8] Error getting database connection 
2023-12-13 11:59:53.334+0000 [L: ERROR] [O: E.c.q.l.c.Logger] [I: ] [U: Administrator] [S: ] [P: ] [T: http-nio-8080-exec-6] Error getting database connection 
2023-12-13 11:59:53.335+0000 [L: ERROR] [O: E.c.q.l.c.Logger] [I: ] [U: Administrator] [S: ] [P: ] [T: http-nio-8080-exec-2] Error getting database connection 
2023-12-13 11:59:53.339+0000 [L: ERROR] [O: E.c.q.l.c.Logger] [I: ] [U: Administrator] [S: ] [P: ] [T: http-nio-8080-exec-7] ErrorCode(b2ab517c-005f-4357-b366-11902c25d5d6), Cause(null), Reason(Access was attempted on a null reference variable.), Possible Resolutions(Remove the reference to the null variable within your extension code.) 
2023-12-13 11:59:53.339+0000 [L: ERROR] [O: E.c.q.l.c.Logger] [I: ] [U: Administrator] [S: ] [P: ] [T: http-nio-8080-exec-5] ErrorCode(a508ba66-291e-4295-b233-e991b3678715), Cause(null), Reason(Access was attempted on a null reference variable.), Possible Resolutions(Remove the reference to the null variable within your extension code.) 
2023-12-13 11:59:53.339+0000 [L: ERROR] [O: E.c.q.l.c.Logger] [I: ] [U: Administrator] [S: ] [P: ] [T: http-nio-8080-exec-6] ErrorCode(62c48ad2-f478-42bb-8768-453441998913), Cause(null), Reason(Access was attempted on a null reference variable.), Possible Resolutions(Remove the reference to the null variable within your extension code.) 
2023-12-13 11:59:53.345+0000 [L: ERROR] [O: E.c.q.l.c.Logger] [I: ] [U: Administrator] [S: ] [P: ] [T: http-nio-8080-exec-7] Unable to Invoke Service LBupdate on TWX.Core.DBExample : null 
2023-12-13 11:59:53.345+0000 [L: ERROR] [O: E.c.q.l.c.Logger] [I: ] [U: Administrator] [S: ] [P: ] [T: http-nio-8080-exec-6] Unable to Invoke Service LBupdateToTag on TWX.Core.DBExample : null 
2023-12-13 11:59:53.345+0000 [L: ERROR] [O: E.c.q.l.c.Logger] [I: ] [U: Administrator] [S: ] [P: ] [T: http-nio-8080-exec-5] Unable to Invoke Service LBupdateToTag on TWX.Core.DBExample : null 
2023-12-13 11:59:53.366+0000 [L: ERROR] [O: E.c.q.l.c.Logger] [I: ] [U: Administrator] [S: ] [P: ] [T: http-nio-8080-exec-8] Unable To Convert From java.lang.Double to JSON 
2023-12-13 11:59:53.366+0000 [L: ERROR] [O: E.c.q.l.c.Logger] [I: ] [U: Administrator] [S: ] [P: ] [T: http-nio-8080-exec-2] Unable To Convert From org.mozilla.javascript.UniqueTag to INFOTABLE 
2023-12-13 12:00:30.662+0000 [L: ERROR] [O: E.c.q.l.c.Logger] [I: ReportingByConnection:ThingPackage] [U: ] [S: ] [P: ] [T: ForkJoinPool.commonPool-worker-15] Unable to create service handler for RemoveRemoteEventBinding in ReportingByConnection:ThingPackage : null 
2023-12-13 12:00:34.703+0000 [L: ERROR] [O: E.c.q.l.c.Logger] [I: ] [U: Administrator] [S: ] [P: ] [T: http-nio-8080-exec-10] Entity Not Found : [TWX.Core.DBExample] 
2023-12-13 12:00:34.723+0000 [L: ERROR] [O: E.c.q.l.c.Logger] [I: UI] [U: Administrator] [S: ] [P: ] [T: http-nio-8080-exec-2] ERROR [app-router] Error: Route not found: services  
2023-12-13 12:00:34.723+0000 [L: ERROR] [O: E.c.q.l.c.Logger] [I: UI] [U: Administrator] [S: ] [P: ] [T: http-nio-8080-exec-1] ERROR [app-router] Router navigation failed, and no previous location or fallbackRoute could be restored.  
2023-12-13 12:47:57.683+0000 [L: ERROR] [O: E.c.q.l.c.Logger] [I: ] [U: Administrator] [S: ] [P: ] [T: http-nio-8080-exec-2] ErrorCode(9ab8ea16-2cba-424a-acbb-a63f51df6430), Cause(null), Reason(Access was attempted on a null reference variable.), Possible Resolutions(Remove the reference to the null variable within your extension code.) 
2023-12-13 12:47:57.683+0000 [L: ERROR] [O: E.c.q.l.c.Logger] [I: ] [U: Administrator] [S: ] [P: ] [T: http-nio-8080-exec-2] Unable to Invoke Service TestParam on TWX.Core.DBExample : null 
2023-12-13 12:48:36.700+0000 [L: ERROR] [O: E.c.q.l.c.Logger] [I: ] [U: Administrator] [S: ] [P: ] [T: http-nio-8080-exec-8] ErrorCode(460052b5-96c6-43e9-bd10-cd68b7aa3e3b), Cause(null), Reason(Access was attempted on a null reference variable.), Possible Resolutions(Remove the reference to the null variable within your extension code.) 
2023-12-13 12:48:36.701+0000 [L: ERROR] [O: E.c.q.l.c.Logger] [I: ] [U: Administrator] [S: ] [P: ] [T: http-nio-8080-exec-8] Unable to Invoke Service TestParam on TWX.Core.DBExample : null 
2023-12-13 12:48:46.886+0000 [L: ERROR] [O: E.c.q.l.c.Logger] [I: ] [U: Administrator] [S: ] [P: ] [T: http-nio-8080-exec-9] ErrorCode(f6ee9f77-c006-45e0-a8d9-8753f094eee4), Cause(null), Reason(Access was attempted on a null reference variable.), Possible Resolutions(Remove the reference to the null variable within your extension code.) 
2023-12-13 12:48:46.887+0000 [L: ERROR] [O: E.c.q.l.c.Logger] [I: ] [U: Administrator] [S: ] [P: ] [T: http-nio-8080-exec-9] Unable to Invoke Service TestParam on TWX.Core.DBExample : null 
2023-12-13 12:48:47.337+0000 [L: ERROR] [O: E.c.q.l.c.Logger] [I: ] [U: Administrator] [S: ] [P: ] [T: http-nio-8080-exec-7] ErrorCode(21d25700-66f4-4d38-b60f-6ea96a37ff36), Cause(null), Reason(Access was attempted on a null reference variable.), Possible Resolutions(Remove the reference to the null variable within your extension code.) 
2023-12-13 12:48:47.339+0000 [L: ERROR] [O: E.c.q.l.c.Logger] [I: ] [U: Administrator] [S: ] [P: ] [T: http-nio-8080-exec-7] Unable to Invoke Service TestParam on TWX.Core.DBExample : null 
2023-12-13 12:48:48.091+0000 [L: ERROR] [O: E.c.q.l.c.Logger] [I: ] [U: Administrator] [S: ] [P: ] [T: http-nio-8080-exec-6] ErrorCode(799ff0cd-8f17-4b91-9187-987fefc2ba7a), Cause(null), Reason(Access was attempted on a null reference variable.), Possible Resolutions(Remove the reference to the null variable within your extension code.) 
2023-12-13 12:48:48.092+0000 [L: ERROR] [O: E.c.q.l.c.Logger] [I: ] [U: Administrator] [S: ] [P: ] [T: http-nio-8080-exec-6] Unable to Invoke Service TestParam on TWX.Core.DBExample : null 
2023-12-13 12:48:48.539+0000 [L: ERROR] [O: E.c.q.l.c.Logger] [I: ] [U: Administrator] [S: ] [P: ] [T: http-nio-8080-exec-10] ErrorCode(4d313e69-5fbb-4d52-b091-43242878f3d4), Cause(null), Reason(Access was attempted on a null reference variable.), Possible Resolutions(Remove the reference to the null variable within your extension code.) 
2023-12-13 12:48:48.540+0000 [L: ERROR] [O: E.c.q.l.c.Logger] [I: ] [U: Administrator] [S: ] [P: ] [T: http-nio-8080-exec-10] Unable to Invoke Service TestParam on TWX.Core.DBExample : null 
2023-12-13 12:48:49.540+0000 [L: ERROR] [O: E.c.q.l.c.Logger] [I: ] [U: Administrator] [S: ] [P: ] [T: http-nio-8080-exec-3] ErrorCode(ec84c73c-2ba1-4e03-a7b3-b92d8b9401cf), Cause(null), Reason(Access was attempted on a null reference variable.), Possible Resolutions(Remove the reference to the null variable within your extension code.) 
2023-12-13 12:48:49.540+0000 [L: ERROR] [O: E.c.q.l.c.Logger] [I: ] [U: Administrator] [S: ] [P: ] [T: http-nio-8080-exec-3] Unable to Invoke Service TestParam on TWX.Core.DBExample : null 
2023-12-13 12:48:50.262+0000 [L: ERROR] [O: E.c.q.l.c.Logger] [I: ] [U: Administrator] [S: ] [P: ] [T: http-nio-8080-exec-1] ErrorCode(64816c7b-91ff-430c-b3a1-7d48db3d7f9b), Cause(null), Reason(Access was attempted on a null reference variable.), Possible Resolutions(Remove the reference to the null variable within your extension code.) 
2023-12-13 12:48:50.263+0000 [L: ERROR] [O: E.c.q.l.c.Logger] [I: ] [U: Administrator] [S: ] [P: ] [T: http-nio-8080-exec-1] Unable to Invoke Service TestParam on TWX.Core.DBExample : null 
2023-12-13 13:29:46.157+0000 [L: ERROR] [O: E.c.q.l.c.Logger] [I: ] [U: Administrator] [S: ] [P: ] [T: http-nio-8080-exec-9] Entity Not Found : [TWX.Core.DBExample] 
2023-12-13 13:29:46.179+0000 [L: ERROR] [O: E.c.q.l.c.Logger] [I: UI] [U: Administrator] [S: ] [P: ] [T: http-nio-8080-exec-1] ERROR [app-router] Router navigation failed, and no previous location or fallbackRoute could be restored.  
2023-12-13 13:29:46.179+0000 [L: ERROR] [O: E.c.q.l.c.Logger] [I: UI] [U: Administrator] [S: ] [P: ] [T: http-nio-8080-exec-10] ERROR [app-router] Error: Route not found: services/LBupdate?mode=edit  
